
SQL*Loader: Release 12.1.0.1.0 - Production on Wed Apr 19 18:20:55 2023

Copyright (c) 1982, 2013, Oracle and/or its affiliates.  All rights reserved.

Control File:   main.ctl
Data File:      film.txt
  Bad File:     film.bad
  Discard File:  none specified
 
 (Allow all discards)

Number to load: ALL
Number to skip: 0
Errors allowed: 50
Bind array:     64 rows, maximum of 256000 bytes
Continuation:    none specified
Path used:      Conventional

Table FILMS, loaded from every logical record.
Insert option in effect for this table: APPEND
TRAILING NULLCOLS option in effect

   Column Name                  Position   Len  Term Encl Datatype
------------------------------ ---------- ----- ---- ---- ---------------------
FILM_NAME                           FIRST     *   ,  O(") CHARACTER            
DIRECTOR                             NEXT     *   ,  O(") CHARACTER            
GENRE_NAME                           NEXT     *   ,  O(") CHARACTER            
DURATION_FILM                        NEXT     *   ,  O(") CHARACTER            
YEAR_FILM                            NEXT     *   ,  O(") DATE YYYY            
FILM_OPIS                            NEXT     *   ,  O(") CHARACTER            


Table FILMS:
  3 Rows successfully loaded.
  0 Rows not loaded due to data errors.
  0 Rows not loaded because all WHEN clauses were failed.
  0 Rows not loaded because all fields were null.


Space allocated for bind array:                  99072 bytes(64 rows)
Read   buffer bytes: 1048576

Total logical records skipped:          0
Total logical records read:             3
Total logical records rejected:         0
Total logical records discarded:        0

Run began on Wed Apr 19 18:20:55 2023
Run ended on Wed Apr 19 18:21:06 2023

Elapsed time was:     00:00:10.66
CPU time was:         00:00:00.04
